<?xml version="1.0" encoding="UTF-8"?>
<testsuite xmlns:xsi="http://www.w3.org/2001/XMLSchema-instance" xsi:noNamespaceSchemaLocation="https://maven.apache.org/surefire/maven-surefire-plugin/xsd/surefire-test-report-3.0.xsd" version="3.0" name="org.openhab.binding.miio.internal.MiIoQuantityTypesTest" time="0.055" tests="3" errors="0" skipped="0" failures="0">
  <properties>
    <property name="sun.desktop" value="windows"/>
    <property name="awt.toolkit" value="sun.awt.windows.WToolkit"/>
    <property name="java.specification.version" value="11"/>
    <property name="sun.cpu.isalist" value="amd64"/>
    <property name="sun.jnu.encoding" value="Cp1252"/>
    <property name="java.class.path" value="D:\Projects\openhab3\3.2 - lumi gateway device\openhab2\bundles\org.openhab.binding.miio\target\test-classes;D:\Projects\openhab3\3.2 - lumi gateway device\openhab2\bundles\org.openhab.binding.miio\target\classes;C:\Users\vasil\.m2\repository\org\lastnpe\eea\eea-all\2.2.1\eea-all-2.2.1.jar;C:\Users\vasil\.m2\repository\org\osgi\osgi.core\7.0.0\osgi.core-7.0.0.jar;C:\Users\vasil\.m2\repository\org\osgi\osgi.cmpn\7.0.0\osgi.cmpn-7.0.0.jar;C:\Users\vasil\.m2\repository\org\osgi\osgi.annotation\7.0.0\osgi.annotation-7.0.0.jar;C:\Users\vasil\.m2\repository\org\slf4j\slf4j-api\1.7.32\slf4j-api-1.7.32.jar;C:\Users\vasil\.m2\repository\org\eclipse\jdt\org.eclipse.jdt.annotation\2.2.100\org.eclipse.jdt.annotation-2.2.100.jar;C:\Users\vasil\.m2\repository\javax\annotation\javax.annotation-api\1.2\javax.annotation-api-1.2.jar;C:\Users\vasil\.m2\repository\org\apache\commons\commons-lang3\3.9\commons-lang3-3.9.jar;C:\Users\vasil\.m2\repository\org\eclipse\californium\californium-core\2.0.0\californium-core-2.0.0.jar;C:\Users\vasil\.m2\repository\org\eclipse\californium\scandium\2.0.0\scandium-2.0.0.jar;C:\Users\vasil\.m2\repository\org\eclipse\californium\element-connector\2.0.0\element-connector-2.0.0.jar;C:\Users\vasil\.m2\repository\com\google\code\gson\gson\2.8.6\gson-2.8.6.jar;C:\Users\vasil\.m2\repository\com\igormaznitsa\jbbp\1.4.1\jbbp-1.4.1.jar;C:\Users\vasil\.m2\repository\org\eclipse\jetty\jetty-client\9.4.43.v20210629\jetty-client-9.4.43.v20210629.jar;C:\Users\vasil\.m2\repository\org\eclipse\jetty\jetty-http\9.4.43.v20210629\jetty-http-9.4.43.v20210629.jar;C:\Users\vasil\.m2\repository\org\eclipse\jetty\jetty-io\9.4.43.v20210629\jetty-io-9.4.43.v20210629.jar;C:\Users\vasil\.m2\repository\org\eclipse\jetty\jetty-proxy\9.4.43.v20210629\jetty-proxy-9.4.43.v20210629.jar;C:\Users\vasil\.m2\repository\org\eclipse\jetty\jetty-util\9.4.43.v20210629\jetty-util-9.4.43.v20210629.jar;C:\Users\vasil\.m2\repository\org\eclipse\jetty\jetty-server\9.4.43.v20210629\jetty-server-9.4.43.v20210629.jar;C:\Users\vasil\.m2\repository\javax\servlet\javax.servlet-api\3.1.0\javax.servlet-api-3.1.0.jar;C:\Users\vasil\.m2\repository\org\eclipse\jetty\jetty-servlet\9.4.43.v20210629\jetty-servlet-9.4.43.v20210629.jar;C:\Users\vasil\.m2\repository\org\eclipse\jetty\jetty-security\9.4.43.v20210629\jetty-security-9.4.43.v20210629.jar;C:\Users\vasil\.m2\repository\org\eclipse\jetty\jetty-util-ajax\9.4.43.v20210629\jetty-util-ajax-9.4.43.v20210629.jar;C:\Users\vasil\.m2\repository\org\eclipse\jetty\websocket\websocket-client\9.4.43.v20210629\websocket-client-9.4.43.v20210629.jar;C:\Users\vasil\.m2\repository\org\eclipse\jetty\websocket\websocket-common\9.4.43.v20210629\websocket-common-9.4.43.v20210629.jar;C:\Users\vasil\.m2\repository\org\eclipse\jetty\websocket\websocket-api\9.4.43.v20210629\websocket-api-9.4.43.v20210629.jar;C:\Users\vasil\.m2\repository\org\jmdns\jmdns\3.5.7\jmdns-3.5.7.jar;C:\Users\vasil\.m2\repository\org\jupnp\org.jupnp\2.6.0\org.jupnp-2.6.0.jar;C:\Users\vasil\.m2\repository\javax\measure\unit-api\2.1.2\unit-api-2.1.2.jar;C:\Users\vasil\.m2\repository\si\uom\si-units\2.0.1\si-units-2.0.1.jar;C:\Users\vasil\.m2\repository\si\uom\si-quantity\2.0\si-quantity-2.0.jar;C:\Users\vasil\.m2\repository\jakarta\annotation\jakarta.annotation-api\1.3.4\jakarta.annotation-api-1.3.4.jar;C:\Users\vasil\.m2\repository\tech\units\indriya\2.1.2\indriya-2.1.2.jar;C:\Users\vasil\.m2\repository\tech\uom\lib\uom-lib-common\2.1\uom-lib-common-2.1.jar;C:\Users\vasil\.m2\repository\javax\inject\javax.inject\1\javax.inject-1.jar;C:\Users\vasil\.m2\repository\com\hivemq\hivemq-mqtt-client\1.2.2\hivemq-mqtt-client-1.2.2.jar;C:\Users\vasil\.m2\repository\io\reactivex\rxjava2\rxjava\2.2.19\rxjava-2.2.19.jar;C:\Users\vasil\.m2\repository\org\reactivestreams\reactive-streams\1.0.3\reactive-streams-1.0.3.jar;C:\Users\vasil\.m2\repository\io\netty\netty-buffer\4.1.48.Final\netty-buffer-4.1.48.Final.jar;C:\Users\vasil\.m2\repository\io\netty\netty-codec\4.1.48.Final\netty-codec-4.1.48.Final.jar;C:\Users\vasil\.m2\repository\io\netty\netty-common\4.1.48.Final\netty-common-4.1.48.Final.jar;C:\Users\vasil\.m2\repository\io\netty\netty-handler\4.1.48.Final\netty-handler-4.1.48.Final.jar;C:\Users\vasil\.m2\repository\io\netty\netty-resolver\4.1.48.Final\netty-resolver-4.1.48.Final.jar;C:\Users\vasil\.m2\repository\io\netty\netty-transport\4.1.48.Final\netty-transport-4.1.48.Final.jar;C:\Users\vasil\.m2\repository\org\jctools\jctools-core\2.1.2\jctools-core-2.1.2.jar;C:\Users\vasil\.m2\repository\com\google\dagger\dagger\2.27\dagger-2.27.jar;C:\Users\vasil\.m2\repository\org\vesalainen\comm\javaxcomm\1.0.1\javaxcomm-1.0.1.jar;C:\Users\vasil\.m2\repository\org\vesalainen\comm\1.0.2\comm-1.0.2.jar;C:\Users\vasil\.m2\repository\org\vesalainen\dev\1.0.0\dev-1.0.0.jar;C:\Users\vasil\.m2\repository\org\vesalainen\util\1.0.5\util-1.0.5.jar;C:\Users\vasil\.m2\repository\com\googlecode\efficient-java-matrix-library\equation\0.26\equation-0.26.jar;C:\Users\vasil\.m2\repository\com\googlecode\efficient-java-matrix-library\core\0.26\core-0.26.jar;C:\Users\vasil\.m2\repository\log4j\log4j\1.2.17\log4j-1.2.17.jar;C:\Users\vasil\.m2\repository\com\neuronrobotics\nrjavaserial\3.14.0\nrjavaserial-3.14.0.jar;C:\Users\vasil\.m2\repository\org\apache\felix\org.apache.felix.http.servlet-api\1.1.2\org.apache.felix.http.servlet-api-1.1.2.jar;C:\Users\vasil\.m2\repository\org\apache\tomcat\tomcat-servlet-api\8.0.9\tomcat-servlet-api-8.0.9.jar;C:\Users\vasil\.m2\repository\org\apache\aries\spec\org.apache.aries.javax.jax.rs-api\1.0.0\org.apache.aries.javax.jax.rs-api-1.0.0.jar;C:\Users\vasil\.m2\repository\org\apache\geronimo\specs\geronimo-osgi-locator\1.0\geronimo-osgi-locator-1.0.jar;C:\Users\vasil\.m2\repository\io\swagger\core\v3\swagger-annotations\2.1.9\swagger-annotations-2.1.9.jar;C:\Users\vasil\.m2\repository\io\swagger\core\v3\swagger-core\2.1.9\swagger-core-2.1.9.jar;C:\Users\vasil\.m2\repository\com\fasterxml\jackson\core\jackson-annotations\2.12.1\jackson-annotations-2.12.1.jar;C:\Users\vasil\.m2\repository\com\fasterxml\jackson\core\jackson-databind\2.12.1\jackson-databind-2.12.1.jar;C:\Users\vasil\.m2\repository\com\fasterxml\jackson\core\jackson-core\2.12.1\jackson-core-2.12.1.jar;C:\Users\vasil\.m2\repository\com\fasterxml\jackson\dataformat\jackson-dataformat-yaml\2.12.1\jackson-dataformat-yaml-2.12.1.jar;C:\Users\vasil\.m2\repository\org\yaml\snakeyaml\1.27\snakeyaml-1.27.jar;C:\Users\vasil\.m2\repository\com\fasterxml\jackson\datatype\jackson-datatype-jsr310\2.12.1\jackson-datatype-jsr310-2.12.1.jar;C:\Users\vasil\.m2\repository\io\swagger\core\v3\swagger-models\2.1.9\swagger-models-2.1.9.jar;C:\Users\vasil\.m2\repository\jakarta\validation\jakarta.validation-api\2.0.2\jakarta.validation-api-2.0.2.jar;C:\Users\vasil\.m2\repository\io\swagger\core\v3\swagger-jaxrs2\2.1.9\swagger-jaxrs2-2.1.9.jar;C:\Users\vasil\.m2\repository\io\github\classgraph\classgraph\4.8.95\classgraph-4.8.95.jar;C:\Users\vasil\.m2\repository\org\javassist\javassist\3.25.0-GA\javassist-3.25.0-GA.jar;C:\Users\vasil\.m2\repository\io\swagger\core\v3\swagger-integration\2.1.9\swagger-integration-2.1.9.jar;C:\Users\vasil\.m2\repository\com\fasterxml\jackson\jaxrs\jackson-jaxrs-json-provider\2.12.1\jackson-jaxrs-json-provider-2.12.1.jar;C:\Users\vasil\.m2\repository\com\fasterxml\jackson\jaxrs\jackson-jaxrs-base\2.12.1\jackson-jaxrs-base-2.12.1.jar;C:\Users\vasil\.m2\repository\com\fasterxml\jackson\module\jackson-module-jaxb-annotations\2.12.1\jackson-module-jaxb-annotations-2.12.1.jar;C:\Users\vasil\.m2\repository\com\thoughtworks\xstream\xstream\1.4.18\xstream-1.4.18.jar;C:\Users\vasil\.m2\repository\io\github\x-stream\mxparser\1.2.2\mxparser-1.2.2.jar;C:\Users\vasil\.m2\repository\xmlpull\xmlpull\1.1.3.1\xmlpull-1.1.3.1.jar;C:\Users\vasil\.m2\repository\de\jollyday\jollyday\0.5.10\jollyday-0.5.10.jar;C:\Users\vasil\.m2\repository\org\threeten\threeten-extra\1.5.0\threeten-extra-1.5.0.jar;C:\Users\vasil\.m2\repository\jakarta\xml\bind\jakarta.xml.bind-api\2.3.3\jakarta.xml.bind-api-2.3.3.jar;C:\Users\vasil\.m2\repository\org\apache\servicemix\specs\org.apache.servicemix.specs.saaj-api-1.4\1.4_2\org.apache.servicemix.specs.saaj-api-1.4-1.4_2.jar;C:\Users\vasil\.m2\repository\org\bitbucket\b_c\jose4j\0.7.7\jose4j-0.7.7.jar;C:\Users\vasil\.m2\repository\org\openhab\core\bundles\org.openhab.core.test\3.2.0-SNAPSHOT\org.openhab.core.test-3.2.0-SNAPSHOT.jar;C:\Users\vasil\.m2\repository\org\openhab\core\bundles\org.openhab.core.test.magic\3.2.0-SNAPSHOT\org.openhab.core.test.magic-3.2.0-SNAPSHOT.jar;C:\Users\vasil\.m2\repository\org\openhab\core\bundles\org.openhab.core\3.2.0-SNAPSHOT\org.openhab.core-3.2.0-SNAPSHOT.jar;C:\Users\vasil\.m2\repository\org\openhab\core\bundles\org.openhab.core.karaf\3.2.0-SNAPSHOT\org.openhab.core.karaf-3.2.0-SNAPSHOT.jar;C:\Users\vasil\.m2\repository\org\openhab\core\bundles\org.openhab.core.thing\3.2.0-SNAPSHOT\org.openhab.core.thing-3.2.0-SNAPSHOT.jar;C:\Users\vasil\.m2\repository\org\openhab\core\bundles\org.openhab.core.audio\3.2.0-SNAPSHOT\org.openhab.core.audio-3.2.0-SNAPSHOT.jar;C:\Users\vasil\.m2\repository\javazoom\jlayer\1.0.1\jlayer-1.0.1.jar;C:\Users\vasil\.m2\repository\org\openhab\core\bundles\org.openhab.core.ephemeris\3.2.0-SNAPSHOT\org.openhab.core.ephemeris-3.2.0-SNAPSHOT.jar;C:\Users\vasil\.m2\repository\org\openhab\core\bundles\org.openhab.core.voice\3.2.0-SNAPSHOT\org.openhab.core.voice-3.2.0-SNAPSHOT.jar;C:\Users\vasil\.m2\repository\org\openhab\core\bundles\org.openhab.core.binding.xml\3.2.0-SNAPSHOT\org.openhab.core.binding.xml-3.2.0-SNAPSHOT.jar;C:\Users\vasil\.m2\repository\org\openhab\core\bundles\org.openhab.core.id\3.2.0-SNAPSHOT\org.openhab.core.id-3.2.0-SNAPSHOT.jar;C:\Users\vasil\.m2\repository\org\openhab\core\bundles\org.openhab.core.persistence\3.2.0-SNAPSHOT\org.openhab.core.persistence-3.2.0-SNAPSHOT.jar;C:\Users\vasil\.m2\repository\org\openhab\core\bundles\org.openhab.core.semantics\3.2.0-SNAPSHOT\org.openhab.core.semantics-3.2.0-SNAPSHOT.jar;C:\Users\vasil\.m2\repository\org\openhab\core\bundles\org.openhab.core.thing.xml\3.2.0-SNAPSHOT\org.openhab.core.thing.xml-3.2.0-SNAPSHOT.jar;C:\Users\vasil\.m2\repository\org\openhab\core\bundles\org.openhab.core.transform\3.2.0-SNAPSHOT\org.openhab.core.transform-3.2.0-SNAPSHOT.jar;C:\Users\vasil\.m2\repository\org\openhab\core\bundles\org.openhab.core.auth.jaas\3.2.0-SNAPSHOT\org.openhab.core.auth.jaas-3.2.0-SNAPSHOT.jar;C:\Users\vasil\.m2\repository\org\openhab\core\bundles\org.openhab.core.auth.oauth2client\3.2.0-SNAPSHOT\org.openhab.core.auth.oauth2client-3.2.0-SNAPSHOT.jar;C:\Users\vasil\.m2\repository\org\openhab\core\bundles\org.openhab.core.io.net\3.2.0-SNAPSHOT\org.openhab.core.io.net-3.2.0-SNAPSHOT.jar;C:\Users\vasil\.m2\repository\org\openhab\core\bundles\org.openhab.core.io.bin2json\3.2.0-SNAPSHOT\org.openhab.core.io.bin2json-3.2.0-SNAPSHOT.jar;C:\Users\vasil\.m2\repository\org\openhab\core\bundles\org.openhab.core.io.console\3.2.0-SNAPSHOT\org.openhab.core.io.console-3.2.0-SNAPSHOT.jar;C:\Users\vasil\.m2\repository\org\openhab\core\bundles\org.openhab.core.io.http\3.2.0-SNAPSHOT\org.openhab.core.io.http-3.2.0-SNAPSHOT.jar;C:\Users\vasil\.m2\repository\org\openhab\core\bundles\org.openhab.core.io.rest\3.2.0-SNAPSHOT\org.openhab.core.io.rest-3.2.0-SNAPSHOT.jar;C:\Users\vasil\.m2\repository\org\openhab\core\bundles\org.openhab.core.io.transport.mdns\3.2.0-SNAPSHOT\org.openhab.core.io.transport.mdns-3.2.0-SNAPSHOT.jar;C:\Users\vasil\.m2\repository\org\openhab\core\bundles\org.openhab.core.io.transport.modbus\3.2.0-SNAPSHOT\org.openhab.core.io.transport.modbus-3.2.0-SNAPSHOT.jar;C:\Users\vasil\.m2\repository\org\apache\commons\commons-pool2\2.8.1\commons-pool2-2.8.1.jar;C:\Users\vasil\.m2\repository\net\wimpi\jamod\1.3.4.OH\jamod-1.3.4.OH.jar;C:\Users\vasil\.m2\repository\org\openhab\core\bundles\org.openhab.core.io.transport.serial\3.2.0-SNAPSHOT\org.openhab.core.io.transport.serial-3.2.0-SNAPSHOT.jar;C:\Users\vasil\.m2\repository\org\openhab\core\bundles\org.openhab.core.io.console.eclipse\3.2.0-SNAPSHOT\org.openhab.core.io.console.eclipse-3.2.0-SNAPSHOT.jar;C:\Users\vasil\.m2\repository\org\openhab\core\bundles\org.openhab.core.io.console.rfc147\3.2.0-SNAPSHOT\org.openhab.core.io.console.rfc147-3.2.0-SNAPSHOT.jar;C:\Users\vasil\.m2\repository\org\openhab\core\bundles\org.openhab.core.io.console.karaf\3.2.0-SNAPSHOT\org.openhab.core.io.console.karaf-3.2.0-SNAPSHOT.jar;C:\Users\vasil\.m2\repository\org\openhab\core\bundles\org.openhab.core.io.http.auth\3.2.0-SNAPSHOT\org.openhab.core.io.http.auth-3.2.0-SNAPSHOT.jar;C:\Users\vasil\.m2\repository\org\openhab\core\bundles\org.openhab.core.io.monitor\3.2.0-SNAPSHOT\org.openhab.core.io.monitor-3.2.0-SNAPSHOT.jar;C:\Users\vasil\.m2\repository\io\dropwizard\metrics\metrics-core\4.0.7\metrics-core-4.0.7.jar;C:\Users\vasil\.m2\repository\io\micrometer\micrometer-core\1.6.3\micrometer-core-1.6.3.jar;C:\Users\vasil\.m2\repository\org\hdrhistogram\HdrHistogram\2.1.12\HdrHistogram-2.1.12.jar;C:\Users\vasil\.m2\repository\org\latencyutils\LatencyUtils\2.0.3\LatencyUtils-2.0.3.jar;C:\Users\vasil\.m2\repository\org\openhab\core\bundles\org.openhab.core.io.rest.audio\3.2.0-SNAPSHOT\org.openhab.core.io.rest.audio-3.2.0-SNAPSHOT.jar;C:\Users\vasil\.m2\repository\org\openhab\core\bundles\org.openhab.core.io.rest.auth\3.2.0-SNAPSHOT\org.openhab.core.io.rest.auth-3.2.0-SNAPSHOT.jar;C:\Users\vasil\.m2\repository\org\openhab\core\bundles\org.openhab.core.io.rest.core\3.2.0-SNAPSHOT\org.openhab.core.io.rest.core-3.2.0-SNAPSHOT.jar;C:\Users\vasil\.m2\repository\org\openhab\core\bundles\org.openhab.core.io.rest.log\3.2.0-SNAPSHOT\org.openhab.core.io.rest.log-3.2.0-SNAPSHOT.jar;C:\Users\vasil\.m2\repository\org\openhab\core\bundles\org.openhab.core.io.rest.mdns\3.2.0-SNAPSHOT\org.openhab.core.io.rest.mdns-3.2.0-SNAPSHOT.jar;C:\Users\vasil\.m2\repository\org\openhab\core\bundles\org.openhab.core.io.rest.sitemap\3.2.0-SNAPSHOT\org.openhab.core.io.rest.sitemap-3.2.0-SNAPSHOT.jar;C:\Users\vasil\.m2\repository\org\openhab\core\bundles\org.openhab.core.io.rest.sse\3.2.0-SNAPSHOT\org.openhab.core.io.rest.sse-3.2.0-SNAPSHOT.jar;C:\Users\vasil\.m2\repository\org\openhab\core\bundles\org.openhab.core.io.rest.swagger\3.2.0-SNAPSHOT\org.openhab.core.io.rest.swagger-3.2.0-SNAPSHOT.jar;C:\Users\vasil\.m2\repository\org\openhab\core\bundles\org.openhab.core.io.rest.ui\3.2.0-SNAPSHOT\org.openhab.core.io.rest.ui-3.2.0-SNAPSHOT.jar;C:\Users\vasil\.m2\repository\org\openhab\core\bundles\org.openhab.core.io.rest.voice\3.2.0-SNAPSHOT\org.openhab.core.io.rest.voice-3.2.0-SNAPSHOT.jar;C:\Users\vasil\.m2\repository\org\openhab\core\bundles\org.openhab.core.io.transport.mqtt\3.2.0-SNAPSHOT\org.openhab.core.io.transport.mqtt-3.2.0-SNAPSHOT.jar;C:\Users\vasil\.m2\repository\org\openhab\core\bundles\org.openhab.core.io.transport.serial.javacomm\3.2.0-SNAPSHOT\org.openhab.core.io.transport.serial.javacomm-3.2.0-SNAPSHOT.jar;C:\Users\vasil\.m2\repository\org\openhab\core\bundles\org.openhab.core.io.transport.serial.rxtx\3.2.0-SNAPSHOT\org.openhab.core.io.transport.serial.rxtx-3.2.0-SNAPSHOT.jar;C:\Users\vasil\.m2\repository\org\openhab\core\bundles\org.openhab.core.io.transport.serial.rxtx.rfc2217\3.2.0-SNAPSHOT\org.openhab.core.io.transport.serial.rxtx.rfc2217-3.2.0-SNAPSHOT.jar;C:\Users\vasil\.m2\repository\org\openhab\core\bundles\org.openhab.core.io.transport.upnp\3.2.0-SNAPSHOT\org.openhab.core.io.transport.upnp-3.2.0-SNAPSHOT.jar;C:\Users\vasil\.m2\repository\org\openhab\core\bundles\org.openhab.core.io.jetty.certificate\3.2.0-SNAPSHOT\org.openhab.core.io.jetty.certificate-3.2.0-SNAPSHOT.jar;C:\Users\vasil\.m2\repository\org\bouncycastle\bcpkix-jdk15on\1.52\bcpkix-jdk15on-1.52.jar;C:\Users\vasil\.m2\repository\org\bouncycastle\bcprov-jdk15on\1.52\bcprov-jdk15on-1.52.jar;C:\Users\vasil\.m2\repository\org\openhab\core\bundles\org.openhab.core.config.core\3.2.0-SNAPSHOT\org.openhab.core.config.core-3.2.0-SNAPSHOT.jar;C:\Users\vasil\.m2\repository\org\openhab\core\bundles\org.openhab.core.config.discovery\3.2.0-SNAPSHOT\org.openhab.core.config.discovery-3.2.0-SNAPSHOT.jar;C:\Users\vasil\.m2\repository\org\openhab\core\bundles\org.openhab.core.config.discovery.mdns\3.2.0-SNAPSHOT\org.openhab.core.config.discovery.mdns-3.2.0-SNAPSHOT.jar;C:\Users\vasil\.m2\repository\org\openhab\core\bundles\org.openhab.core.config.discovery.usbserial\3.2.0-SNAPSHOT\org.openhab.core.config.discovery.usbserial-3.2.0-SNAPSHOT.jar;C:\Users\vasil\.m2\repository\org\openhab\core\bundles\org.openhab.core.config.discovery.usbserial.linuxsysfs\3.2.0-SNAPSHOT\org.openhab.core.config.discovery.usbserial.linuxsysfs-3.2.0-SNAPSHOT.jar;C:\Users\vasil\.m2\repository\org\openhab\core\bundles\org.openhab.core.config.discovery.upnp\3.2.0-SNAPSHOT\org.openhab.core.config.discovery.upnp-3.2.0-SNAPSHOT.jar;C:\Users\vasil\.m2\repository\org\openhab\core\bundles\org.openhab.core.config.dispatch\3.2.0-SNAPSHOT\org.openhab.core.config.dispatch-3.2.0-SNAPSHOT.jar;C:\Users\vasil\.m2\repository\org\openhab\core\bundles\org.openhab.core.config.serial\3.2.0-SNAPSHOT\org.openhab.core.config.serial-3.2.0-SNAPSHOT.jar;C:\Users\vasil\.m2\repository\org\openhab\core\bundles\org.openhab.core.config.xml\3.2.0-SNAPSHOT\org.openhab.core.config.xml-3.2.0-SNAPSHOT.jar;C:\Users\vasil\.m2\repository\org\openhab\core\bundles\org.openhab.core.automation\3.2.0-SNAPSHOT\org.openhab.core.automation-3.2.0-SNAPSHOT.jar;C:\Users\vasil\.m2\repository\org\openhab\core\bundles\org.openhab.core.automation.module.script\3.2.0-SNAPSHOT\org.openhab.core.automation.module.script-3.2.0-SNAPSHOT.jar;C:\Users\vasil\.m2\repository\org\openhab\core\bundles\org.openhab.core.automation.module.media\3.2.0-SNAPSHOT\org.openhab.core.automation.module.media-3.2.0-SNAPSHOT.jar;C:\Users\vasil\.m2\repository\org\openhab\core\bundles\org.openhab.core.automation.module.script.rulesupport\3.2.0-SNAPSHOT\org.openhab.core.automation.module.script.rulesupport-3.2.0-SNAPSHOT.jar;C:\Users\vasil\.m2\repository\org\openhab\core\bundles\org.openhab.core.automation.rest\3.2.0-SNAPSHOT\org.openhab.core.automation.rest-3.2.0-SNAPSHOT.jar;C:\Users\vasil\.m2\repository\org\openhab\core\bundles\org.openhab.core.model.core\3.2.0-SNAPSHOT\org.openhab.core.model.core-3.2.0-SNAPSHOT.jar;C:\Users\vasil\.m2\repository\org\openhab\core\bundles\org.openhab.core.model.sitemap\3.2.0-SNAPSHOT\org.openhab.core.model.sitemap-3.2.0-SNAPSHOT.jar;C:\Users\vasil\.m2\repository\org\openhab\core\bundles\org.openhab.core.model.item\3.2.0-SNAPSHOT\org.openhab.core.model.item-3.2.0-SNAPSHOT.jar;C:\Users\vasil\.m2\repository\org\openhab\core\bundles\org.openhab.core.model.item.ide\3.2.0-SNAPSHOT\org.openhab.core.model.item.ide-3.2.0-SNAPSHOT.jar;C:\Users\vasil\.m2\repository\org\openhab\core\bundles\org.openhab.core.model.item.runtime\3.2.0-SNAPSHOT\org.openhab.core.model.item.runtime-3.2.0-SNAPSHOT.jar;C:\Users\vasil\.m2\repository\org\openhab\core\bundles\org.openhab.core.model.persistence\3.2.0-SNAPSHOT\org.openhab.core.model.persistence-3.2.0-SNAPSHOT.jar;C:\Users\vasil\.m2\repository\org\openhab\core\bundles\org.openhab.core.model.persistence.ide\3.2.0-SNAPSHOT\org.openhab.core.model.persistence.ide-3.2.0-SNAPSHOT.jar;C:\Users\vasil\.m2\repository\org\openhab\core\bundles\org.openhab.core.model.script\3.2.0-SNAPSHOT\org.openhab.core.model.script-3.2.0-SNAPSHOT.jar;C:\Users\vasil\.m2\repository\org\openhab\core\bundles\org.openhab.core.model.rule\3.2.0-SNAPSHOT\org.openhab.core.model.rule-3.2.0-SNAPSHOT.jar;C:\Users\vasil\.m2\repository\org\openhab\core\bundles\org.openhab.core.model.rule.ide\3.2.0-SNAPSHOT\org.openhab.core.model.rule.ide-3.2.0-SNAPSHOT.jar;C:\Users\vasil\.m2\repository\org\openhab\core\bundles\org.openhab.core.model.script.ide\3.2.0-SNAPSHOT\org.openhab.core.model.script.ide-3.2.0-SNAPSHOT.jar;C:\Users\vasil\.m2\repository\org\openhab\core\bundles\org.openhab.core.model.sitemap.ide\3.2.0-SNAPSHOT\org.openhab.core.model.sitemap.ide-3.2.0-SNAPSHOT.jar;C:\Users\vasil\.m2\repository\org\openhab\core\bundles\org.openhab.core.model.thing\3.2.0-SNAPSHOT\org.openhab.core.model.thing-3.2.0-SNAPSHOT.jar;C:\Users\vasil\.m2\repository\org\openhab\core\bundles\org.openhab.core.model.thing.ide\3.2.0-SNAPSHOT\org.openhab.core.model.thing.ide-3.2.0-SNAPSHOT.jar;C:\Users\vasil\.m2\repository\org\openhab\core\bundles\org.openhab.core.model.lsp\3.2.0-SNAPSHOT\org.openhab.core.model.lsp-3.2.0-SNAPSHOT.jar;C:\Users\vasil\.m2\repository\org\openhab\core\bundles\org.openhab.core.model.persistence.runtime\3.2.0-SNAPSHOT\org.openhab.core.model.persistence.runtime-3.2.0-SNAPSHOT.jar;C:\Users\vasil\.m2\repository\org\openhab\core\bundles\org.openhab.core.model.rule.runtime\3.2.0-SNAPSHOT\org.openhab.core.model.rule.runtime-3.2.0-SNAPSHOT.jar;C:\Users\vasil\.m2\repository\org\openhab\core\bundles\org.openhab.core.model.script.runtime\3.2.0-SNAPSHOT\org.openhab.core.model.script.runtime-3.2.0-SNAPSHOT.jar;C:\Users\vasil\.m2\repository\org\openhab\core\bundles\org.openhab.core.model.sitemap.runtime\3.2.0-SNAPSHOT\org.openhab.core.model.sitemap.runtime-3.2.0-SNAPSHOT.jar;C:\Users\vasil\.m2\repository\org\openhab\core\bundles\org.openhab.core.model.thing.runtime\3.2.0-SNAPSHOT\org.openhab.core.model.thing.runtime-3.2.0-SNAPSHOT.jar;C:\Users\vasil\.m2\repository\org\openhab\core\bundles\org.openhab.core.ui\3.2.0-SNAPSHOT\org.openhab.core.ui-3.2.0-SNAPSHOT.jar;C:\Users\vasil\.m2\repository\org\knowm\xchart\xchart\2.6.1\xchart-2.6.1.jar;C:\Users\vasil\.m2\repository\de\erichseifert\vectorgraphics2d\VectorGraphics2D\0.9.3\VectorGraphics2D-0.9.3.jar;C:\Users\vasil\.m2\repository\org\openhab\core\bundles\org.openhab.core.ui.icon\3.2.0-SNAPSHOT\org.openhab.core.ui.icon-3.2.0-SNAPSHOT.jar;C:\Users\vasil\.m2\repository\org\openhab\core\bundles\org.openhab.core.storage.json\3.2.0-SNAPSHOT\org.openhab.core.storage.json-3.2.0-SNAPSHOT.jar;C:\Users\vasil\.m2\repository\org\openhab\core\bundles\org.openhab.core.addon.marketplace\3.2.0-SNAPSHOT\org.openhab.core.addon.marketplace-3.2.0-SNAPSHOT.jar;C:\Users\vasil\.m2\repository\com\sun\xml\bind\jaxb-osgi\2.3.3\jaxb-osgi-2.3.3.jar;C:\Users\vasil\.m2\repository\com\sun\activation\jakarta.activation\1.2.2\jakarta.activation-1.2.2.jar;C:\Users\vasil\.m2\repository\org\hamcrest\hamcrest-library\2.2\hamcrest-library-2.2.jar;C:\Users\vasil\.m2\repository\org\hamcrest\hamcrest-core\2.2\hamcrest-core-2.2.jar;C:\Users\vasil\.m2\repository\org\hamcrest\hamcrest\2.2\hamcrest-2.2.jar;C:\Users\vasil\.m2\repository\org\junit\jupiter\junit-jupiter-api\5.7.0\junit-jupiter-api-5.7.0.jar;C:\Users\vasil\.m2\repository\org\apiguardian\apiguardian-api\1.1.0\apiguardian-api-1.1.0.jar;C:\Users\vasil\.m2\repository\org\opentest4j\opentest4j\1.2.0\opentest4j-1.2.0.jar;C:\Users\vasil\.m2\repository\org\junit\platform\junit-platform-commons\1.7.0\junit-platform-commons-1.7.0.jar;C:\Users\vasil\.m2\repository\org\junit\jupiter\junit-jupiter-params\5.7.0\junit-jupiter-params-5.7.0.jar;C:\Users\vasil\.m2\repository\org\mockito\mockito-core\3.7.0\mockito-core-3.7.0.jar;C:\Users\vasil\.m2\repository\net\bytebuddy\byte-buddy\1.10.19\byte-buddy-1.10.19.jar;C:\Users\vasil\.m2\repository\net\bytebuddy\byte-buddy-agent\1.10.19\byte-buddy-agent-1.10.19.jar;C:\Users\vasil\.m2\repository\org\objenesis\objenesis\3.1\objenesis-3.1.jar;C:\Users\vasil\.m2\repository\org\mockito\mockito-junit-jupiter\3.7.0\mockito-junit-jupiter-3.7.0.jar;C:\Users\vasil\.m2\repository\org\slf4j\slf4j-simple\1.7.32\slf4j-simple-1.7.32.jar;C:\Users\vasil\.m2\repository\com\jayway\jsonpath\json-path\2.4.0\json-path-2.4.0.jar;C:\Users\vasil\.m2\repository\net\minidev\json-smart\2.3\json-smart-2.3.jar;C:\Users\vasil\.m2\repository\net\minidev\accessors-smart\1.2\accessors-smart-1.2.jar;C:\Users\vasil\.m2\repository\org\ow2\asm\asm\5.0.4\asm-5.0.4.jar;C:\Users\vasil\.m2\repository\org\apache\aries\jax\rs\org.apache.aries.jax.rs.whiteboard\2.0.0\org.apache.aries.jax.rs.whiteboard-2.0.0.jar;C:\Users\vasil\.m2\repository\org\apache\aries\component-dsl\org.apache.aries.component-dsl.component-dsl\1.2.2\org.apache.aries.component-dsl.component-dsl-1.2.2.jar;C:\Users\vasil\.m2\repository\org\osgi\org.osgi.service.cm\1.6.0\org.osgi.service.cm-1.6.0.jar;C:\Users\vasil\.m2\repository\org\apache\cxf\cxf-rt-rs-client\3.4.3\cxf-rt-rs-client-3.4.3.jar;C:\Users\vasil\.m2\repository\org\apache\cxf\cxf-rt-transports-http\3.4.3\cxf-rt-transports-http-3.4.3.jar;C:\Users\vasil\.m2\repository\org\apache\cxf\cxf-core\3.4.3\cxf-core-3.4.3.jar;C:\Users\vasil\.m2\repository\org\glassfish\jaxb\jaxb-runtime\2.3.3\jaxb-runtime-2.3.3.jar;C:\Users\vasil\.m2\repository\org\glassfish\jaxb\txw2\2.3.3\txw2-2.3.3.jar;C:\Users\vasil\.m2\repository\com\sun\istack\istack-commons-runtime\3.0.11\istack-commons-runtime-3.0.11.jar;C:\Users\vasil\.m2\repository\com\fasterxml\woodstox\woodstox-core\6.2.4\woodstox-core-6.2.4.jar;C:\Users\vasil\.m2\repository\org\codehaus\woodstox\stax2-api\4.2.1\stax2-api-4.2.1.jar;C:\Users\vasil\.m2\repository\org\apache\ws\xmlschema\xmlschema-core\2.2.5\xmlschema-core-2.2.5.jar;C:\Users\vasil\.m2\repository\org\apache\cxf\cxf-rt-frontend-jaxrs\3.4.3\cxf-rt-frontend-jaxrs-3.4.3.jar;C:\Users\vasil\.m2\repository\org\apache\cxf\cxf-rt-security\3.4.3\cxf-rt-security-3.4.3.jar;C:\Users\vasil\.m2\repository\jakarta\xml\ws\jakarta.xml.ws-api\2.3.3\jakarta.xml.ws-api-2.3.3.jar;C:\Users\vasil\.m2\repository\jakarta\jws\jakarta.jws-api\2.1.0\jakarta.jws-api-2.1.0.jar;C:\Users\vasil\.m2\repository\jakarta\xml\soap\jakarta.xml.soap-api\1.4.2\jakarta.xml.soap-api-1.4.2.jar;C:\Users\vasil\.m2\repository\jakarta\activation\jakarta.activation-api\1.2.2\jakarta.activation-api-1.2.2.jar;C:\Users\vasil\.m2\repository\com\sun\xml\messaging\saaj\saaj-impl\1.5.2\saaj-impl-1.5.2.jar;C:\Users\vasil\.m2\repository\org\jvnet\staxex\stax-ex\1.8.3\stax-ex-1.8.3.jar;C:\Users\vasil\.m2\repository\org\apache\geronimo\specs\geronimo-jta_1.1_spec\1.1.1\geronimo-jta_1.1_spec-1.1.1.jar;C:\Users\vasil\.m2\repository\org\jboss\spec\javax\rmi\jboss-rmi-api_1.0_spec\1.0.6.Final\jboss-rmi-api_1.0_spec-1.0.6.Final.jar;C:\Users\vasil\.m2\repository\org\apache\cxf\cxf-rt-rs-sse\3.4.3\cxf-rt-rs-sse-3.4.3.jar;C:\Users\vasil\.m2\repository\org\osgi\org.osgi.util.promise\1.1.1\org.osgi.util.promise-1.1.1.jar;C:\Users\vasil\.m2\repository\org\osgi\org.osgi.util.function\1.1.0\org.osgi.util.function-1.1.0.jar;C:\Users\vasil\.m2\repository\junit\junit\4.13.2\junit-4.13.2.jar;C:\Users\vasil\.m2\repository\org\osgi\org.osgi.service.jaxrs\1.0.0\org.osgi.service.jaxrs-1.0.0.jar;"/>
    <property name="java.vm.vendor" value="Azul Systems, Inc."/>
    <property name="sun.arch.data.model" value="64"/>
    <property name="spotless.check.skip" value="true"/>
    <property name="user.variant" value=""/>
    <property name="java.vendor.url" value="http://www.azul.com/"/>
    <property name="user.timezone" value="Pacific/Auckland"/>
    <property name="java.vm.specification.version" value="11"/>
    <property name="os.name" value="Windows 10"/>
    <property name="sun.java.launcher" value="SUN_STANDARD"/>
    <property name="user.country" value="NZ"/>
    <property name="sun.boot.library.path" value="C:\Program Files\Zulu\zulu-11\bin"/>
    <property name="skipChecks" value="true"/>
    <property name="sun.java.command" value="C:\Users\vasil\AppData\Local\Temp\surefire17984777929838454704\surefirebooter2615129564674193818.jar C:\Users\vasil\AppData\Local\Temp\surefire17984777929838454704 2021-09-23T15-18-24_843-jvmRun1 surefire12314833420804086529tmp surefire_04401318176752435999tmp"/>
    <property name="jdk.debug" value="release"/>
    <property name="surefire.test.class.path" value="D:\Projects\openhab3\3.2 - lumi gateway device\openhab2\bundles\org.openhab.binding.miio\target\test-classes;D:\Projects\openhab3\3.2 - lumi gateway device\openhab2\bundles\org.openhab.binding.miio\target\classes;C:\Users\vasil\.m2\repository\org\lastnpe\eea\eea-all\2.2.1\eea-all-2.2.1.jar;C:\Users\vasil\.m2\repository\org\osgi\osgi.core\7.0.0\osgi.core-7.0.0.jar;C:\Users\vasil\.m2\repository\org\osgi\osgi.cmpn\7.0.0\osgi.cmpn-7.0.0.jar;C:\Users\vasil\.m2\repository\org\osgi\osgi.annotation\7.0.0\osgi.annotation-7.0.0.jar;C:\Users\vasil\.m2\repository\org\slf4j\slf4j-api\1.7.32\slf4j-api-1.7.32.jar;C:\Users\vasil\.m2\repository\org\eclipse\jdt\org.eclipse.jdt.annotation\2.2.100\org.eclipse.jdt.annotation-2.2.100.jar;C:\Users\vasil\.m2\repository\javax\annotation\javax.annotation-api\1.2\javax.annotation-api-1.2.jar;C:\Users\vasil\.m2\repository\org\apache\commons\commons-lang3\3.9\commons-lang3-3.9.jar;C:\Users\vasil\.m2\repository\org\eclipse\californium\californium-core\2.0.0\californium-core-2.0.0.jar;C:\Users\vasil\.m2\repository\org\eclipse\californium\scandium\2.0.0\scandium-2.0.0.jar;C:\Users\vasil\.m2\repository\org\eclipse\californium\element-connector\2.0.0\element-connector-2.0.0.jar;C:\Users\vasil\.m2\repository\com\google\code\gson\gson\2.8.6\gson-2.8.6.jar;C:\Users\vasil\.m2\repository\com\igormaznitsa\jbbp\1.4.1\jbbp-1.4.1.jar;C:\Users\vasil\.m2\repository\org\eclipse\jetty\jetty-client\9.4.43.v20210629\jetty-client-9.4.43.v20210629.jar;C:\Users\vasil\.m2\repository\org\eclipse\jetty\jetty-http\9.4.43.v20210629\jetty-http-9.4.43.v20210629.jar;C:\Users\vasil\.m2\repository\org\eclipse\jetty\jetty-io\9.4.43.v20210629\jetty-io-9.4.43.v20210629.jar;C:\Users\vasil\.m2\repository\org\eclipse\jetty\jetty-proxy\9.4.43.v20210629\jetty-proxy-9.4.43.v20210629.jar;C:\Users\vasil\.m2\repository\org\eclipse\jetty\jetty-util\9.4.43.v20210629\jetty-util-9.4.43.v20210629.jar;C:\Users\vasil\.m2\repository\org\eclipse\jetty\jetty-server\9.4.43.v20210629\jetty-server-9.4.43.v20210629.jar;C:\Users\vasil\.m2\repository\javax\servlet\javax.servlet-api\3.1.0\javax.servlet-api-3.1.0.jar;C:\Users\vasil\.m2\repository\org\eclipse\jetty\jetty-servlet\9.4.43.v20210629\jetty-servlet-9.4.43.v20210629.jar;C:\Users\vasil\.m2\repository\org\eclipse\jetty\jetty-security\9.4.43.v20210629\jetty-security-9.4.43.v20210629.jar;C:\Users\vasil\.m2\repository\org\eclipse\jetty\jetty-util-ajax\9.4.43.v20210629\jetty-util-ajax-9.4.43.v20210629.jar;C:\Users\vasil\.m2\repository\org\eclipse\jetty\websocket\websocket-client\9.4.43.v20210629\websocket-client-9.4.43.v20210629.jar;C:\Users\vasil\.m2\repository\org\eclipse\jetty\websocket\websocket-common\9.4.43.v20210629\websocket-common-9.4.43.v20210629.jar;C:\Users\vasil\.m2\repository\org\eclipse\jetty\websocket\websocket-api\9.4.43.v20210629\websocket-api-9.4.43.v20210629.jar;C:\Users\vasil\.m2\repository\org\jmdns\jmdns\3.5.7\jmdns-3.5.7.jar;C:\Users\vasil\.m2\repository\org\jupnp\org.jupnp\2.6.0\org.jupnp-2.6.0.jar;C:\Users\vasil\.m2\repository\javax\measure\unit-api\2.1.2\unit-api-2.1.2.jar;C:\Users\vasil\.m2\repository\si\uom\si-units\2.0.1\si-units-2.0.1.jar;C:\Users\vasil\.m2\repository\si\uom\si-quantity\2.0\si-quantity-2.0.jar;C:\Users\vasil\.m2\repository\jakarta\annotation\jakarta.annotation-api\1.3.4\jakarta.annotation-api-1.3.4.jar;C:\Users\vasil\.m2\repository\tech\units\indriya\2.1.2\indriya-2.1.2.jar;C:\Users\vasil\.m2\repository\tech\uom\lib\uom-lib-common\2.1\uom-lib-common-2.1.jar;C:\Users\vasil\.m2\repository\javax\inject\javax.inject\1\javax.inject-1.jar;C:\Users\vasil\.m2\repository\com\hivemq\hivemq-mqtt-client\1.2.2\hivemq-mqtt-client-1.2.2.jar;C:\Users\vasil\.m2\repository\io\reactivex\rxjava2\rxjava\2.2.19\rxjava-2.2.19.jar;C:\Users\vasil\.m2\repository\org\reactivestreams\reactive-streams\1.0.3\reactive-streams-1.0.3.jar;C:\Users\vasil\.m2\repository\io\netty\netty-buffer\4.1.48.Final\netty-buffer-4.1.48.Final.jar;C:\Users\vasil\.m2\repository\io\netty\netty-codec\4.1.48.Final\netty-codec-4.1.48.Final.jar;C:\Users\vasil\.m2\repository\io\netty\netty-common\4.1.48.Final\netty-common-4.1.48.Final.jar;C:\Users\vasil\.m2\repository\io\netty\netty-handler\4.1.48.Final\netty-handler-4.1.48.Final.jar;C:\Users\vasil\.m2\repository\io\netty\netty-resolver\4.1.48.Final\netty-resolver-4.1.48.Final.jar;C:\Users\vasil\.m2\repository\io\netty\netty-transport\4.1.48.Final\netty-transport-4.1.48.Final.jar;C:\Users\vasil\.m2\repository\org\jctools\jctools-core\2.1.2\jctools-core-2.1.2.jar;C:\Users\vasil\.m2\repository\com\google\dagger\dagger\2.27\dagger-2.27.jar;C:\Users\vasil\.m2\repository\org\vesalainen\comm\javaxcomm\1.0.1\javaxcomm-1.0.1.jar;C:\Users\vasil\.m2\repository\org\vesalainen\comm\1.0.2\comm-1.0.2.jar;C:\Users\vasil\.m2\repository\org\vesalainen\dev\1.0.0\dev-1.0.0.jar;C:\Users\vasil\.m2\repository\org\vesalainen\util\1.0.5\util-1.0.5.jar;C:\Users\vasil\.m2\repository\com\googlecode\efficient-java-matrix-library\equation\0.26\equation-0.26.jar;C:\Users\vasil\.m2\repository\com\googlecode\efficient-java-matrix-library\core\0.26\core-0.26.jar;C:\Users\vasil\.m2\repository\log4j\log4j\1.2.17\log4j-1.2.17.jar;C:\Users\vasil\.m2\repository\com\neuronrobotics\nrjavaserial\3.14.0\nrjavaserial-3.14.0.jar;C:\Users\vasil\.m2\repository\org\apache\felix\org.apache.felix.http.servlet-api\1.1.2\org.apache.felix.http.servlet-api-1.1.2.jar;C:\Users\vasil\.m2\repository\org\apache\tomcat\tomcat-servlet-api\8.0.9\tomcat-servlet-api-8.0.9.jar;C:\Users\vasil\.m2\repository\org\apache\aries\spec\org.apache.aries.javax.jax.rs-api\1.0.0\org.apache.aries.javax.jax.rs-api-1.0.0.jar;C:\Users\vasil\.m2\repository\org\apache\geronimo\specs\geronimo-osgi-locator\1.0\geronimo-osgi-locator-1.0.jar;C:\Users\vasil\.m2\repository\io\swagger\core\v3\swagger-annotations\2.1.9\swagger-annotations-2.1.9.jar;C:\Users\vasil\.m2\repository\io\swagger\core\v3\swagger-core\2.1.9\swagger-core-2.1.9.jar;C:\Users\vasil\.m2\repository\com\fasterxml\jackson\core\jackson-annotations\2.12.1\jackson-annotations-2.12.1.jar;C:\Users\vasil\.m2\repository\com\fasterxml\jackson\core\jackson-databind\2.12.1\jackson-databind-2.12.1.jar;C:\Users\vasil\.m2\repository\com\fasterxml\jackson\core\jackson-core\2.12.1\jackson-core-2.12.1.jar;C:\Users\vasil\.m2\repository\com\fasterxml\jackson\dataformat\jackson-dataformat-yaml\2.12.1\jackson-dataformat-yaml-2.12.1.jar;C:\Users\vasil\.m2\repository\org\yaml\snakeyaml\1.27\snakeyaml-1.27.jar;C:\Users\vasil\.m2\repository\com\fasterxml\jackson\datatype\jackson-datatype-jsr310\2.12.1\jackson-datatype-jsr310-2.12.1.jar;C:\Users\vasil\.m2\repository\io\swagger\core\v3\swagger-models\2.1.9\swagger-models-2.1.9.jar;C:\Users\vasil\.m2\repository\jakarta\validation\jakarta.validation-api\2.0.2\jakarta.validation-api-2.0.2.jar;C:\Users\vasil\.m2\repository\io\swagger\core\v3\swagger-jaxrs2\2.1.9\swagger-jaxrs2-2.1.9.jar;C:\Users\vasil\.m2\repository\io\github\classgraph\classgraph\4.8.95\classgraph-4.8.95.jar;C:\Users\vasil\.m2\repository\org\javassist\javassist\3.25.0-GA\javassist-3.25.0-GA.jar;C:\Users\vasil\.m2\repository\io\swagger\core\v3\swagger-integration\2.1.9\swagger-integration-2.1.9.jar;C:\Users\vasil\.m2\repository\com\fasterxml\jackson\jaxrs\jackson-jaxrs-json-provider\2.12.1\jackson-jaxrs-json-provider-2.12.1.jar;C:\Users\vasil\.m2\repository\com\fasterxml\jackson\jaxrs\jackson-jaxrs-base\2.12.1\jackson-jaxrs-base-2.12.1.jar;C:\Users\vasil\.m2\repository\com\fasterxml\jackson\module\jackson-module-jaxb-annotations\2.12.1\jackson-module-jaxb-annotations-2.12.1.jar;C:\Users\vasil\.m2\repository\com\thoughtworks\xstream\xstream\1.4.18\xstream-1.4.18.jar;C:\Users\vasil\.m2\repository\io\github\x-stream\mxparser\1.2.2\mxparser-1.2.2.jar;C:\Users\vasil\.m2\repository\xmlpull\xmlpull\1.1.3.1\xmlpull-1.1.3.1.jar;C:\Users\vasil\.m2\repository\de\jollyday\jollyday\0.5.10\jollyday-0.5.10.jar;C:\Users\vasil\.m2\repository\org\threeten\threeten-extra\1.5.0\threeten-extra-1.5.0.jar;C:\Users\vasil\.m2\repository\jakarta\xml\bind\jakarta.xml.bind-api\2.3.3\jakarta.xml.bind-api-2.3.3.jar;C:\Users\vasil\.m2\repository\org\apache\servicemix\specs\org.apache.servicemix.specs.saaj-api-1.4\1.4_2\org.apache.servicemix.specs.saaj-api-1.4-1.4_2.jar;C:\Users\vasil\.m2\repository\org\bitbucket\b_c\jose4j\0.7.7\jose4j-0.7.7.jar;C:\Users\vasil\.m2\repository\org\openhab\core\bundles\org.openhab.core.test\3.2.0-SNAPSHOT\org.openhab.core.test-3.2.0-SNAPSHOT.jar;C:\Users\vasil\.m2\repository\org\openhab\core\bundles\org.openhab.core.test.magic\3.2.0-SNAPSHOT\org.openhab.core.test.magic-3.2.0-SNAPSHOT.jar;C:\Users\vasil\.m2\repository\org\openhab\core\bundles\org.openhab.core\3.2.0-SNAPSHOT\org.openhab.core-3.2.0-SNAPSHOT.jar;C:\Users\vasil\.m2\repository\org\openhab\core\bundles\org.openhab.core.karaf\3.2.0-SNAPSHOT\org.openhab.core.karaf-3.2.0-SNAPSHOT.jar;C:\Users\vasil\.m2\repository\org\openhab\core\bundles\org.openhab.core.thing\3.2.0-SNAPSHOT\org.openhab.core.thing-3.2.0-SNAPSHOT.jar;C:\Users\vasil\.m2\repository\org\openhab\core\bundles\org.openhab.core.audio\3.2.0-SNAPSHOT\org.openhab.core.audio-3.2.0-SNAPSHOT.jar;C:\Users\vasil\.m2\repository\javazoom\jlayer\1.0.1\jlayer-1.0.1.jar;C:\Users\vasil\.m2\repository\org\openhab\core\bundles\org.openhab.core.ephemeris\3.2.0-SNAPSHOT\org.openhab.core.ephemeris-3.2.0-SNAPSHOT.jar;C:\Users\vasil\.m2\repository\org\openhab\core\bundles\org.openhab.core.voice\3.2.0-SNAPSHOT\org.openhab.core.voice-3.2.0-SNAPSHOT.jar;C:\Users\vasil\.m2\repository\org\openhab\core\bundles\org.openhab.core.binding.xml\3.2.0-SNAPSHOT\org.openhab.core.binding.xml-3.2.0-SNAPSHOT.jar;C:\Users\vasil\.m2\repository\org\openhab\core\bundles\org.openhab.core.id\3.2.0-SNAPSHOT\org.openhab.core.id-3.2.0-SNAPSHOT.jar;C:\Users\vasil\.m2\repository\org\openhab\core\bundles\org.openhab.core.persistence\3.2.0-SNAPSHOT\org.openhab.core.persistence-3.2.0-SNAPSHOT.jar;C:\Users\vasil\.m2\repository\org\openhab\core\bundles\org.openhab.core.semantics\3.2.0-SNAPSHOT\org.openhab.core.semantics-3.2.0-SNAPSHOT.jar;C:\Users\vasil\.m2\repository\org\openhab\core\bundles\org.openhab.core.thing.xml\3.2.0-SNAPSHOT\org.openhab.core.thing.xml-3.2.0-SNAPSHOT.jar;C:\Users\vasil\.m2\repository\org\openhab\core\bundles\org.openhab.core.transform\3.2.0-SNAPSHOT\org.openhab.core.transform-3.2.0-SNAPSHOT.jar;C:\Users\vasil\.m2\repository\org\openhab\core\bundles\org.openhab.core.auth.jaas\3.2.0-SNAPSHOT\org.openhab.core.auth.jaas-3.2.0-SNAPSHOT.jar;C:\Users\vasil\.m2\repository\org\openhab\core\bundles\org.openhab.core.auth.oauth2client\3.2.0-SNAPSHOT\org.openhab.core.auth.oauth2client-3.2.0-SNAPSHOT.jar;C:\Users\vasil\.m2\repository\org\openhab\core\bundles\org.openhab.core.io.net\3.2.0-SNAPSHOT\org.openhab.core.io.net-3.2.0-SNAPSHOT.jar;C:\Users\vasil\.m2\repository\org\openhab\core\bundles\org.openhab.core.io.bin2json\3.2.0-SNAPSHOT\org.openhab.core.io.bin2json-3.2.0-SNAPSHOT.jar;C:\Users\vasil\.m2\repository\org\openhab\core\bundles\org.openhab.core.io.console\3.2.0-SNAPSHOT\org.openhab.core.io.console-3.2.0-SNAPSHOT.jar;C:\Users\vasil\.m2\repository\org\openhab\core\bundles\org.openhab.core.io.http\3.2.0-SNAPSHOT\org.openhab.core.io.http-3.2.0-SNAPSHOT.jar;C:\Users\vasil\.m2\repository\org\openhab\core\bundles\org.openhab.core.io.rest\3.2.0-SNAPSHOT\org.openhab.core.io.rest-3.2.0-SNAPSHOT.jar;C:\Users\vasil\.m2\repository\org\openhab\core\bundles\org.openhab.core.io.transport.mdns\3.2.0-SNAPSHOT\org.openhab.core.io.transport.mdns-3.2.0-SNAPSHOT.jar;C:\Users\vasil\.m2\repository\org\openhab\core\bundles\org.openhab.core.io.transport.modbus\3.2.0-SNAPSHOT\org.openhab.core.io.transport.modbus-3.2.0-SNAPSHOT.jar;C:\Users\vasil\.m2\repository\org\apache\commons\commons-pool2\2.8.1\commons-pool2-2.8.1.jar;C:\Users\vasil\.m2\repository\net\wimpi\jamod\1.3.4.OH\jamod-1.3.4.OH.jar;C:\Users\vasil\.m2\repository\org\openhab\core\bundles\org.openhab.core.io.transport.serial\3.2.0-SNAPSHOT\org.openhab.core.io.transport.serial-3.2.0-SNAPSHOT.jar;C:\Users\vasil\.m2\repository\org\openhab\core\bundles\org.openhab.core.io.console.eclipse\3.2.0-SNAPSHOT\org.openhab.core.io.console.eclipse-3.2.0-SNAPSHOT.jar;C:\Users\vasil\.m2\repository\org\openhab\core\bundles\org.openhab.core.io.console.rfc147\3.2.0-SNAPSHOT\org.openhab.core.io.console.rfc147-3.2.0-SNAPSHOT.jar;C:\Users\vasil\.m2\repository\org\openhab\core\bundles\org.openhab.core.io.console.karaf\3.2.0-SNAPSHOT\org.openhab.core.io.console.karaf-3.2.0-SNAPSHOT.jar;C:\Users\vasil\.m2\repository\org\openhab\core\bundles\org.openhab.core.io.http.auth\3.2.0-SNAPSHOT\org.openhab.core.io.http.auth-3.2.0-SNAPSHOT.jar;C:\Users\vasil\.m2\repository\org\openhab\core\bundles\org.openhab.core.io.monitor\3.2.0-SNAPSHOT\org.openhab.core.io.monitor-3.2.0-SNAPSHOT.jar;C:\Users\vasil\.m2\repository\io\dropwizard\metrics\metrics-core\4.0.7\metrics-core-4.0.7.jar;C:\Users\vasil\.m2\repository\io\micrometer\micrometer-core\1.6.3\micrometer-core-1.6.3.jar;C:\Users\vasil\.m2\repository\org\hdrhistogram\HdrHistogram\2.1.12\HdrHistogram-2.1.12.jar;C:\Users\vasil\.m2\repository\org\latencyutils\LatencyUtils\2.0.3\LatencyUtils-2.0.3.jar;C:\Users\vasil\.m2\repository\org\openhab\core\bundles\org.openhab.core.io.rest.audio\3.2.0-SNAPSHOT\org.openhab.core.io.rest.audio-3.2.0-SNAPSHOT.jar;C:\Users\vasil\.m2\repository\org\openhab\core\bundles\org.openhab.core.io.rest.auth\3.2.0-SNAPSHOT\org.openhab.core.io.rest.auth-3.2.0-SNAPSHOT.jar;C:\Users\vasil\.m2\repository\org\openhab\core\bundles\org.openhab.core.io.rest.core\3.2.0-SNAPSHOT\org.openhab.core.io.rest.core-3.2.0-SNAPSHOT.jar;C:\Users\vasil\.m2\repository\org\openhab\core\bundles\org.openhab.core.io.rest.log\3.2.0-SNAPSHOT\org.openhab.core.io.rest.log-3.2.0-SNAPSHOT.jar;C:\Users\vasil\.m2\repository\org\openhab\core\bundles\org.openhab.core.io.rest.mdns\3.2.0-SNAPSHOT\org.openhab.core.io.rest.mdns-3.2.0-SNAPSHOT.jar;C:\Users\vasil\.m2\repository\org\openhab\core\bundles\org.openhab.core.io.rest.sitemap\3.2.0-SNAPSHOT\org.openhab.core.io.rest.sitemap-3.2.0-SNAPSHOT.jar;C:\Users\vasil\.m2\repository\org\openhab\core\bundles\org.openhab.core.io.rest.sse\3.2.0-SNAPSHOT\org.openhab.core.io.rest.sse-3.2.0-SNAPSHOT.jar;C:\Users\vasil\.m2\repository\org\openhab\core\bundles\org.openhab.core.io.rest.swagger\3.2.0-SNAPSHOT\org.openhab.core.io.rest.swagger-3.2.0-SNAPSHOT.jar;C:\Users\vasil\.m2\repository\org\openhab\core\bundles\org.openhab.core.io.rest.ui\3.2.0-SNAPSHOT\org.openhab.core.io.rest.ui-3.2.0-SNAPSHOT.jar;C:\Users\vasil\.m2\repository\org\openhab\core\bundles\org.openhab.core.io.rest.voice\3.2.0-SNAPSHOT\org.openhab.core.io.rest.voice-3.2.0-SNAPSHOT.jar;C:\Users\vasil\.m2\repository\org\openhab\core\bundles\org.openhab.core.io.transport.mqtt\3.2.0-SNAPSHOT\org.openhab.core.io.transport.mqtt-3.2.0-SNAPSHOT.jar;C:\Users\vasil\.m2\repository\org\openhab\core\bundles\org.openhab.core.io.transport.serial.javacomm\3.2.0-SNAPSHOT\org.openhab.core.io.transport.serial.javacomm-3.2.0-SNAPSHOT.jar;C:\Users\vasil\.m2\repository\org\openhab\core\bundles\org.openhab.core.io.transport.serial.rxtx\3.2.0-SNAPSHOT\org.openhab.core.io.transport.serial.rxtx-3.2.0-SNAPSHOT.jar;C:\Users\vasil\.m2\repository\org\openhab\core\bundles\org.openhab.core.io.transport.serial.rxtx.rfc2217\3.2.0-SNAPSHOT\org.openhab.core.io.transport.serial.rxtx.rfc2217-3.2.0-SNAPSHOT.jar;C:\Users\vasil\.m2\repository\org\openhab\core\bundles\org.openhab.core.io.transport.upnp\3.2.0-SNAPSHOT\org.openhab.core.io.transport.upnp-3.2.0-SNAPSHOT.jar;C:\Users\vasil\.m2\repository\org\openhab\core\bundles\org.openhab.core.io.jetty.certificate\3.2.0-SNAPSHOT\org.openhab.core.io.jetty.certificate-3.2.0-SNAPSHOT.jar;C:\Users\vasil\.m2\repository\org\bouncycastle\bcpkix-jdk15on\1.52\bcpkix-jdk15on-1.52.jar;C:\Users\vasil\.m2\repository\org\bouncycastle\bcprov-jdk15on\1.52\bcprov-jdk15on-1.52.jar;C:\Users\vasil\.m2\repository\org\openhab\core\bundles\org.openhab.core.config.core\3.2.0-SNAPSHOT\org.openhab.core.config.core-3.2.0-SNAPSHOT.jar;C:\Users\vasil\.m2\repository\org\openhab\core\bundles\org.openhab.core.config.discovery\3.2.0-SNAPSHOT\org.openhab.core.config.discovery-3.2.0-SNAPSHOT.jar;C:\Users\vasil\.m2\repository\org\openhab\core\bundles\org.openhab.core.config.discovery.mdns\3.2.0-SNAPSHOT\org.openhab.core.config.discovery.mdns-3.2.0-SNAPSHOT.jar;C:\Users\vasil\.m2\repository\org\openhab\core\bundles\org.openhab.core.config.discovery.usbserial\3.2.0-SNAPSHOT\org.openhab.core.config.discovery.usbserial-3.2.0-SNAPSHOT.jar;C:\Users\vasil\.m2\repository\org\openhab\core\bundles\org.openhab.core.config.discovery.usbserial.linuxsysfs\3.2.0-SNAPSHOT\org.openhab.core.config.discovery.usbserial.linuxsysfs-3.2.0-SNAPSHOT.jar;C:\Users\vasil\.m2\repository\org\openhab\core\bundles\org.openhab.core.config.discovery.upnp\3.2.0-SNAPSHOT\org.openhab.core.config.discovery.upnp-3.2.0-SNAPSHOT.jar;C:\Users\vasil\.m2\repository\org\openhab\core\bundles\org.openhab.core.config.dispatch\3.2.0-SNAPSHOT\org.openhab.core.config.dispatch-3.2.0-SNAPSHOT.jar;C:\Users\vasil\.m2\repository\org\openhab\core\bundles\org.openhab.core.config.serial\3.2.0-SNAPSHOT\org.openhab.core.config.serial-3.2.0-SNAPSHOT.jar;C:\Users\vasil\.m2\repository\org\openhab\core\bundles\org.openhab.core.config.xml\3.2.0-SNAPSHOT\org.openhab.core.config.xml-3.2.0-SNAPSHOT.jar;C:\Users\vasil\.m2\repository\org\openhab\core\bundles\org.openhab.core.automation\3.2.0-SNAPSHOT\org.openhab.core.automation-3.2.0-SNAPSHOT.jar;C:\Users\vasil\.m2\repository\org\openhab\core\bundles\org.openhab.core.automation.module.script\3.2.0-SNAPSHOT\org.openhab.core.automation.module.script-3.2.0-SNAPSHOT.jar;C:\Users\vasil\.m2\repository\org\openhab\core\bundles\org.openhab.core.automation.module.media\3.2.0-SNAPSHOT\org.openhab.core.automation.module.media-3.2.0-SNAPSHOT.jar;C:\Users\vasil\.m2\repository\org\openhab\core\bundles\org.openhab.core.automation.module.script.rulesupport\3.2.0-SNAPSHOT\org.openhab.core.automation.module.script.rulesupport-3.2.0-SNAPSHOT.jar;C:\Users\vasil\.m2\repository\org\openhab\core\bundles\org.openhab.core.automation.rest\3.2.0-SNAPSHOT\org.openhab.core.automation.rest-3.2.0-SNAPSHOT.jar;C:\Users\vasil\.m2\repository\org\openhab\core\bundles\org.openhab.core.model.core\3.2.0-SNAPSHOT\org.openhab.core.model.core-3.2.0-SNAPSHOT.jar;C:\Users\vasil\.m2\repository\org\openhab\core\bundles\org.openhab.core.model.sitemap\3.2.0-SNAPSHOT\org.openhab.core.model.sitemap-3.2.0-SNAPSHOT.jar;C:\Users\vasil\.m2\repository\org\openhab\core\bundles\org.openhab.core.model.item\3.2.0-SNAPSHOT\org.openhab.core.model.item-3.2.0-SNAPSHOT.jar;C:\Users\vasil\.m2\repository\org\openhab\core\bundles\org.openhab.core.model.item.ide\3.2.0-SNAPSHOT\org.openhab.core.model.item.ide-3.2.0-SNAPSHOT.jar;C:\Users\vasil\.m2\repository\org\openhab\core\bundles\org.openhab.core.model.item.runtime\3.2.0-SNAPSHOT\org.openhab.core.model.item.runtime-3.2.0-SNAPSHOT.jar;C:\Users\vasil\.m2\repository\org\openhab\core\bundles\org.openhab.core.model.persistence\3.2.0-SNAPSHOT\org.openhab.core.model.persistence-3.2.0-SNAPSHOT.jar;C:\Users\vasil\.m2\repository\org\openhab\core\bundles\org.openhab.core.model.persistence.ide\3.2.0-SNAPSHOT\org.openhab.core.model.persistence.ide-3.2.0-SNAPSHOT.jar;C:\Users\vasil\.m2\repository\org\openhab\core\bundles\org.openhab.core.model.script\3.2.0-SNAPSHOT\org.openhab.core.model.script-3.2.0-SNAPSHOT.jar;C:\Users\vasil\.m2\repository\org\openhab\core\bundles\org.openhab.core.model.rule\3.2.0-SNAPSHOT\org.openhab.core.model.rule-3.2.0-SNAPSHOT.jar;C:\Users\vasil\.m2\repository\org\openhab\core\bundles\org.openhab.core.model.rule.ide\3.2.0-SNAPSHOT\org.openhab.core.model.rule.ide-3.2.0-SNAPSHOT.jar;C:\Users\vasil\.m2\repository\org\openhab\core\bundles\org.openhab.core.model.script.ide\3.2.0-SNAPSHOT\org.openhab.core.model.script.ide-3.2.0-SNAPSHOT.jar;C:\Users\vasil\.m2\repository\org\openhab\core\bundles\org.openhab.core.model.sitemap.ide\3.2.0-SNAPSHOT\org.openhab.core.model.sitemap.ide-3.2.0-SNAPSHOT.jar;C:\Users\vasil\.m2\repository\org\openhab\core\bundles\org.openhab.core.model.thing\3.2.0-SNAPSHOT\org.openhab.core.model.thing-3.2.0-SNAPSHOT.jar;C:\Users\vasil\.m2\repository\org\openhab\core\bundles\org.openhab.core.model.thing.ide\3.2.0-SNAPSHOT\org.openhab.core.model.thing.ide-3.2.0-SNAPSHOT.jar;C:\Users\vasil\.m2\repository\org\openhab\core\bundles\org.openhab.core.model.lsp\3.2.0-SNAPSHOT\org.openhab.core.model.lsp-3.2.0-SNAPSHOT.jar;C:\Users\vasil\.m2\repository\org\openhab\core\bundles\org.openhab.core.model.persistence.runtime\3.2.0-SNAPSHOT\org.openhab.core.model.persistence.runtime-3.2.0-SNAPSHOT.jar;C:\Users\vasil\.m2\repository\org\openhab\core\bundles\org.openhab.core.model.rule.runtime\3.2.0-SNAPSHOT\org.openhab.core.model.rule.runtime-3.2.0-SNAPSHOT.jar;C:\Users\vasil\.m2\repository\org\openhab\core\bundles\org.openhab.core.model.script.runtime\3.2.0-SNAPSHOT\org.openhab.core.model.script.runtime-3.2.0-SNAPSHOT.jar;C:\Users\vasil\.m2\repository\org\openhab\core\bundles\org.openhab.core.model.sitemap.runtime\3.2.0-SNAPSHOT\org.openhab.core.model.sitemap.runtime-3.2.0-SNAPSHOT.jar;C:\Users\vasil\.m2\repository\org\openhab\core\bundles\org.openhab.core.model.thing.runtime\3.2.0-SNAPSHOT\org.openhab.core.model.thing.runtime-3.2.0-SNAPSHOT.jar;C:\Users\vasil\.m2\repository\org\openhab\core\bundles\org.openhab.core.ui\3.2.0-SNAPSHOT\org.openhab.core.ui-3.2.0-SNAPSHOT.jar;C:\Users\vasil\.m2\repository\org\knowm\xchart\xchart\2.6.1\xchart-2.6.1.jar;C:\Users\vasil\.m2\repository\de\erichseifert\vectorgraphics2d\VectorGraphics2D\0.9.3\VectorGraphics2D-0.9.3.jar;C:\Users\vasil\.m2\repository\org\openhab\core\bundles\org.openhab.core.ui.icon\3.2.0-SNAPSHOT\org.openhab.core.ui.icon-3.2.0-SNAPSHOT.jar;C:\Users\vasil\.m2\repository\org\openhab\core\bundles\org.openhab.core.storage.json\3.2.0-SNAPSHOT\org.openhab.core.storage.json-3.2.0-SNAPSHOT.jar;C:\Users\vasil\.m2\repository\org\openhab\core\bundles\org.openhab.core.addon.marketplace\3.2.0-SNAPSHOT\org.openhab.core.addon.marketplace-3.2.0-SNAPSHOT.jar;C:\Users\vasil\.m2\repository\com\sun\xml\bind\jaxb-osgi\2.3.3\jaxb-osgi-2.3.3.jar;C:\Users\vasil\.m2\repository\com\sun\activation\jakarta.activation\1.2.2\jakarta.activation-1.2.2.jar;C:\Users\vasil\.m2\repository\org\hamcrest\hamcrest-library\2.2\hamcrest-library-2.2.jar;C:\Users\vasil\.m2\repository\org\hamcrest\hamcrest-core\2.2\hamcrest-core-2.2.jar;C:\Users\vasil\.m2\repository\org\hamcrest\hamcrest\2.2\hamcrest-2.2.jar;C:\Users\vasil\.m2\repository\org\junit\jupiter\junit-jupiter-api\5.7.0\junit-jupiter-api-5.7.0.jar;C:\Users\vasil\.m2\repository\org\apiguardian\apiguardian-api\1.1.0\apiguardian-api-1.1.0.jar;C:\Users\vasil\.m2\repository\org\opentest4j\opentest4j\1.2.0\opentest4j-1.2.0.jar;C:\Users\vasil\.m2\repository\org\junit\platform\junit-platform-commons\1.7.0\junit-platform-commons-1.7.0.jar;C:\Users\vasil\.m2\repository\org\junit\jupiter\junit-jupiter-params\5.7.0\junit-jupiter-params-5.7.0.jar;C:\Users\vasil\.m2\repository\org\mockito\mockito-core\3.7.0\mockito-core-3.7.0.jar;C:\Users\vasil\.m2\repository\net\bytebuddy\byte-buddy\1.10.19\byte-buddy-1.10.19.jar;C:\Users\vasil\.m2\repository\net\bytebuddy\byte-buddy-agent\1.10.19\byte-buddy-agent-1.10.19.jar;C:\Users\vasil\.m2\repository\org\objenesis\objenesis\3.1\objenesis-3.1.jar;C:\Users\vasil\.m2\repository\org\mockito\mockito-junit-jupiter\3.7.0\mockito-junit-jupiter-3.7.0.jar;C:\Users\vasil\.m2\repository\org\slf4j\slf4j-simple\1.7.32\slf4j-simple-1.7.32.jar;C:\Users\vasil\.m2\repository\com\jayway\jsonpath\json-path\2.4.0\json-path-2.4.0.jar;C:\Users\vasil\.m2\repository\net\minidev\json-smart\2.3\json-smart-2.3.jar;C:\Users\vasil\.m2\repository\net\minidev\accessors-smart\1.2\accessors-smart-1.2.jar;C:\Users\vasil\.m2\repository\org\ow2\asm\asm\5.0.4\asm-5.0.4.jar;C:\Users\vasil\.m2\repository\org\apache\aries\jax\rs\org.apache.aries.jax.rs.whiteboard\2.0.0\org.apache.aries.jax.rs.whiteboard-2.0.0.jar;C:\Users\vasil\.m2\repository\org\apache\aries\component-dsl\org.apache.aries.component-dsl.component-dsl\1.2.2\org.apache.aries.component-dsl.component-dsl-1.2.2.jar;C:\Users\vasil\.m2\repository\org\osgi\org.osgi.service.cm\1.6.0\org.osgi.service.cm-1.6.0.jar;C:\Users\vasil\.m2\repository\org\apache\cxf\cxf-rt-rs-client\3.4.3\cxf-rt-rs-client-3.4.3.jar;C:\Users\vasil\.m2\repository\org\apache\cxf\cxf-rt-transports-http\3.4.3\cxf-rt-transports-http-3.4.3.jar;C:\Users\vasil\.m2\repository\org\apache\cxf\cxf-core\3.4.3\cxf-core-3.4.3.jar;C:\Users\vasil\.m2\repository\org\glassfish\jaxb\jaxb-runtime\2.3.3\jaxb-runtime-2.3.3.jar;C:\Users\vasil\.m2\repository\org\glassfish\jaxb\txw2\2.3.3\txw2-2.3.3.jar;C:\Users\vasil\.m2\repository\com\sun\istack\istack-commons-runtime\3.0.11\istack-commons-runtime-3.0.11.jar;C:\Users\vasil\.m2\repository\com\fasterxml\woodstox\woodstox-core\6.2.4\woodstox-core-6.2.4.jar;C:\Users\vasil\.m2\repository\org\codehaus\woodstox\stax2-api\4.2.1\stax2-api-4.2.1.jar;C:\Users\vasil\.m2\repository\org\apache\ws\xmlschema\xmlschema-core\2.2.5\xmlschema-core-2.2.5.jar;C:\Users\vasil\.m2\repository\org\apache\cxf\cxf-rt-frontend-jaxrs\3.4.3\cxf-rt-frontend-jaxrs-3.4.3.jar;C:\Users\vasil\.m2\repository\org\apache\cxf\cxf-rt-security\3.4.3\cxf-rt-security-3.4.3.jar;C:\Users\vasil\.m2\repository\jakarta\xml\ws\jakarta.xml.ws-api\2.3.3\jakarta.xml.ws-api-2.3.3.jar;C:\Users\vasil\.m2\repository\jakarta\jws\jakarta.jws-api\2.1.0\jakarta.jws-api-2.1.0.jar;C:\Users\vasil\.m2\repository\jakarta\xml\soap\jakarta.xml.soap-api\1.4.2\jakarta.xml.soap-api-1.4.2.jar;C:\Users\vasil\.m2\repository\jakarta\activation\jakarta.activation-api\1.2.2\jakarta.activation-api-1.2.2.jar;C:\Users\vasil\.m2\repository\com\sun\xml\messaging\saaj\saaj-impl\1.5.2\saaj-impl-1.5.2.jar;C:\Users\vasil\.m2\repository\org\jvnet\staxex\stax-ex\1.8.3\stax-ex-1.8.3.jar;C:\Users\vasil\.m2\repository\org\apache\geronimo\specs\geronimo-jta_1.1_spec\1.1.1\geronimo-jta_1.1_spec-1.1.1.jar;C:\Users\vasil\.m2\repository\org\jboss\spec\javax\rmi\jboss-rmi-api_1.0_spec\1.0.6.Final\jboss-rmi-api_1.0_spec-1.0.6.Final.jar;C:\Users\vasil\.m2\repository\org\apache\cxf\cxf-rt-rs-sse\3.4.3\cxf-rt-rs-sse-3.4.3.jar;C:\Users\vasil\.m2\repository\org\osgi\org.osgi.util.promise\1.1.1\org.osgi.util.promise-1.1.1.jar;C:\Users\vasil\.m2\repository\org\osgi\org.osgi.util.function\1.1.0\org.osgi.util.function-1.1.0.jar;C:\Users\vasil\.m2\repository\junit\junit\4.13.2\junit-4.13.2.jar;C:\Users\vasil\.m2\repository\org\osgi\org.osgi.service.jaxrs\1.0.0\org.osgi.service.jaxrs-1.0.0.jar;"/>
    <property name="sun.cpu.endian" value="little"/>
    <property name="user.home" value="C:\Users\vasil"/>
    <property name="user.language" value="en"/>
    <property name="java.specification.vendor" value="Oracle Corporation"/>
    <property name="java.version.date" value="2021-07-20"/>
    <property name="java.home" value="C:\Program Files\Zulu\zulu-11"/>
    <property name="file.separator" value="\"/>
    <property name="basedir" value="D:\Projects\openhab3\3.2 - lumi gateway device\openhab2\bundles\org.openhab.binding.miio"/>
    <property name="java.vm.compressedOopsMode" value="Zero based"/>
    <property name="line.separator" value="&#10;"/>
    <property name="java.specification.name" value="Java Platform API Specification"/>
    <property name="java.vm.specification.vendor" value="Oracle Corporation"/>
    <property name="jdk.vendor.version" value="Zulu11.50+19-CA"/>
    <property name="java.awt.graphicsenv" value="sun.awt.Win32GraphicsEnvironment"/>
    <property name="surefire.real.class.path" value="C:\Users\vasil\AppData\Local\Temp\surefire17984777929838454704\surefirebooter2615129564674193818.jar"/>
    <property name="user.script" value=""/>
    <property name="sun.management.compiler" value="HotSpot 64-Bit Tiered Compilers"/>
    <property name="java.runtime.version" value="11.0.12+7-LTS"/>
    <property name="user.name" value="vasil"/>
    <property name="path.separator" value=";"/>
    <property name="os.version" value="10.0"/>
    <property name="java.runtime.name" value="OpenJDK Runtime Environment"/>
    <property name="file.encoding" value="Cp1252"/>
    <property name="java.vm.name" value="OpenJDK 64-Bit Server VM"/>
    <property name="java.vendor.version" value="Zulu11.50+19-CA"/>
    <property name="localRepository" value="C:\Users\vasil\.m2\repository"/>
    <property name="java.vendor.url.bug" value="http://www.azul.com/support/"/>
    <property name="java.io.tmpdir" value="C:\Users\vasil\AppData\Local\Temp\"/>
    <property name="java.version" value="11.0.12"/>
    <property name="user.dir" value="D:\Projects\openhab3\3.2 - lumi gateway device\openhab2\bundles\org.openhab.binding.miio"/>
    <property name="os.arch" value="amd64"/>
    <property name="java.vm.specification.name" value="Java Virtual Machine Specification"/>
    <property name="java.awt.printerjob" value="sun.awt.windows.WPrinterJob"/>
    <property name="sun.os.patch.level" value=""/>
    <property name="java.library.path" value="C:\Program Files\Zulu\zulu-11\bin;C:\Windows\Sun\Java\bin;C:\Windows\system32;C:\Windows;C:\Program Files\Zulu\zulu-11\bin\;C:\Python39\Scripts\;C:\Python39\;C:\Windows\system32;C:\Windows;C:\Windows\System32\Wbem;C:\Windows\System32\WindowsPowerShell\v1.0\;C:\Windows\System32\OpenSSH\;C:\Program Files (x86)\NVIDIA Corporation\PhysX\Common;C:\Program Files\dotnet\;C:\Program Files\Microsoft SQL Server\130\Tools\Binn\;C:\Program Files\Microsoft SQL Server\Client SDK\ODBC\170\Tools\Binn\;C:\Program Files (x86)\Microsoft SQL Server\150\DTS\Binn\;C:\Program Files\Azure Data Studio\bin;C:\Program Files (x86)\nodejs\;C:\ProgramData\chocolatey\bin;C:\Program Files (x86)\Microsoft SQL Server\150\Tools\Binn\;C:\Program Files\Microsoft SQL Server\150\Tools\Binn\;C:\Program Files\Microsoft SQL Server\150\DTS\Binn\;C:\Program Files\Microsoft\Web Platform Installer\;C:\Program Files (x86)\dotnet\;C:\Program Files\Git\cmd;C:\Program Files\apache-maven-3.8.1\bin;C:\Users\vasil\AppData\Local\Microsoft\WindowsApps;C:\Users\vasil\.dotnet\tools;C:\Program Files\Azure Data Studio\bin;C:\Users\vasil\AppData\Roaming\npm;C:\Users\vasil\AppData\Local\Programs\Microsoft VS Code\bin;C:\Program Files (x86)\NUnit.org\nunit-console;C:\Users\vasil\AppData\Local\GitHubDesktop\bin;."/>
    <property name="java.vm.info" value="mixed mode"/>
    <property name="java.vendor" value="Azul Systems, Inc."/>
    <property name="java.vm.version" value="11.0.12+7-LTS"/>
    <property name="sun.io.unicode.encoding" value="UnicodeLittle"/>
    <property name="java.class.version" value="55.0"/>
  </properties>
  <testcase name="regularsUnitTest" classname="org.openhab.binding.miio.internal.MiIoQuantityTypesTest" time="0.053"/>
  <testcase name="aliasUnitsTest" classname="org.openhab.binding.miio.internal.MiIoQuantityTypesTest" time="0"/>
  <testcase name="unknownUnitTest" classname="org.openhab.binding.miio.internal.MiIoQuantityTypesTest" time="0.001"/>
</testsuite>